<?xml version="1.0" encoding="UTF-8"?>
<!-- Generated by org.testng.reporters.JUnitXMLReporter -->
<testsuite ignored="0" hostname="DESKTOP-N8TNUOT" failures="2" tests="2" name="FirefoxBrowser" time="32.142" errors="0" timestamp="2022-05-27T22:44:56 IST">
  <testcase classname="verifyApp.VerifyApplicationHeader" name="verifyAdminTab" time="0.737">
    <failure type="java.lang.AssertionError" message="The following asserts failed:
	expected [https://opensource-demo.orangehrmlive.com/index.php/admin/viewSystemUsers] but found [https://opensource-demo.orangehrmlive.com/index.php/dashboard]">
      <![CDATA[java.lang.AssertionError: The following asserts failed:
expected [https://opensource-demo.orangehrmlive.com/index.php/admin/viewSystemUsers] but found [https://opensource-demo.orangehrmlive.com/index.php/dashboard]
at verifyApp.VerifyApplicationHeader.verifyAdminTab(VerifyApplicationHeader.java:87)
at java.base/java.util.concurrent.ThreadPoolExecutor.runWorker(ThreadPoolExecutor.java:1136)
at java.base/java.util.concurrent.ThreadPoolExecutor$Worker.run(ThreadPoolExecutor.java:635)
at java.base/java.lang.Thread.run(Thread.java:833)
... Removed 14 stack frames]]>
    </failure>
  </testcase> <!-- verifyAdminTab -->
  <testcase classname="verifyApp.VerifyApplicationHeader" name="verifyTimeTab" time="1.737">
    <failure type="java.lang.AssertionError" message="The following asserts failed:
	expected [abchttps://opensource-demo.orangehrmlive.com/index.php/time/viewEmployeeTimesheet] but found [https://opensource-demo.orangehrmlive.com/index.php/time/viewEmployeeTimesheet]">
      <![CDATA[java.lang.AssertionError: The following asserts failed:
expected [abchttps://opensource-demo.orangehrmlive.com/index.php/time/viewEmployeeTimesheet] but found [https://opensource-demo.orangehrmlive.com/index.php/time/viewEmployeeTimesheet]
at verifyApp.VerifyApplicationHeader.verifyTimeTab(VerifyApplicationHeader.java:112)
at java.base/java.util.concurrent.ThreadPoolExecutor.runWorker(ThreadPoolExecutor.java:1136)
at java.base/java.util.concurrent.ThreadPoolExecutor$Worker.run(ThreadPoolExecutor.java:635)
at java.base/java.lang.Thread.run(Thread.java:833)
... Removed 14 stack frames]]>
    </failure>
  </testcase> <!-- verifyTimeTab -->
</testsuite> <!-- FirefoxBrowser -->
